30-Aug-2020 12:48:59.959 INFO [main] org.apache.catalina.core.ApplicationContext.log ContextListener: contextInitialized()
30-Aug-2020 12:48:59.959 INFO [main] org.apache.catalina.core.ApplicationContext.log SessionListener: contextInitialized()
30-Aug-2020 12:48:59.963 INFO [main] org.apache.catalina.core.ApplicationContext.log ContextListener: attributeAdded('StockTicker', 'async.Stockticker@18e8473e')
30-Aug-2020 12:55:44.607 INFO [Thread-4] org.apache.catalina.core.ApplicationContext.log SessionListener: contextDestroyed()
30-Aug-2020 12:55:44.607 INFO [Thread-4] org.apache.catalina.core.ApplicationContext.log ContextListener: contextDestroyed()
30-Aug-2020 12:55:52.804 INFO [main] org.apache.catalina.core.ApplicationContext.log ContextListener: contextInitialized()
30-Aug-2020 12:55:52.804 INFO [main] org.apache.catalina.core.ApplicationContext.log SessionListener: contextInitialized()
30-Aug-2020 12:55:52.808 INFO [main] org.apache.catalina.core.ApplicationContext.log ContextListener: attributeAdded('StockTicker', 'async.Stockticker@51b01960')
30-Aug-2020 12:59:58.318 INFO [Thread-4] org.apache.catalina.core.ApplicationContext.log SessionListener: contextDestroyed()
30-Aug-2020 12:59:58.319 INFO [Thread-4] org.apache.catalina.core.ApplicationContext.log ContextListener: contextDestroyed()
30-Aug-2020 13:29:35.087 INFO [main] org.apache.catalina.core.ApplicationContext.log ContextListener: contextInitialized()
30-Aug-2020 13:29:35.088 INFO [main] org.apache.catalina.core.ApplicationContext.log SessionListener: contextInitialized()
30-Aug-2020 13:29:35.091 INFO [main] org.apache.catalina.core.ApplicationContext.log ContextListener: attributeAdded('StockTicker', 'async.Stockticker@40e4ea87')
30-Aug-2020 13:30:54.267 INFO [Thread-4] org.apache.catalina.core.ApplicationContext.log SessionListener: contextDestroyed()
30-Aug-2020 13:30:54.267 INFO [Thread-4] org.apache.catalina.core.ApplicationContext.log ContextListener: contextDestroyed()
30-Aug-2020 13:35:27.190 INFO [main] org.apache.catalina.core.ApplicationContext.log ContextListener: contextInitialized()
30-Aug-2020 13:35:27.192 INFO [main] org.apache.catalina.core.ApplicationContext.log SessionListener: contextInitialized()
30-Aug-2020 13:35:27.196 INFO [main] org.apache.catalina.core.ApplicationContext.log ContextListener: attributeAdded('StockTicker', 'async.Stockticker@51c929ae')
30-Aug-2020 14:13:40.636 INFO [Thread-4] org.apache.catalina.core.ApplicationContext.log SessionListener: contextDestroyed()
30-Aug-2020 14:13:40.637 INFO [Thread-4] org.apache.catalina.core.ApplicationContext.log ContextListener: contextDestroyed()
30-Aug-2020 14:15:50.012 INFO [main] org.apache.catalina.core.ApplicationContext.log ContextListener: contextInitialized()
30-Aug-2020 14:15:50.012 INFO [main] org.apache.catalina.core.ApplicationContext.log SessionListener: contextInitialized()
30-Aug-2020 14:15:50.015 INFO [main] org.apache.catalina.core.ApplicationContext.log ContextListener: attributeAdded('StockTicker', 'async.Stockticker@619bd14c')
30-Aug-2020 14:17:55.398 INFO [Thread-4] org.apache.catalina.core.ApplicationContext.log SessionListener: contextDestroyed()
30-Aug-2020 14:17:55.398 INFO [Thread-4] org.apache.catalina.core.ApplicationContext.log ContextListener: contextDestroyed()
30-Aug-2020 14:19:09.002 INFO [main] org.apache.catalina.core.ApplicationContext.log ContextListener: contextInitialized()
30-Aug-2020 14:19:09.003 INFO [main] org.apache.catalina.core.ApplicationContext.log SessionListener: contextInitialized()
30-Aug-2020 14:19:09.008 INFO [main] org.apache.catalina.core.ApplicationContext.log ContextListener: attributeAdded('StockTicker', 'async.Stockticker@1bdaa23d')
30-Aug-2020 14:20:54.728 INFO [Thread-4] org.apache.catalina.core.ApplicationContext.log SessionListener: contextDestroyed()
30-Aug-2020 14:20:54.729 INFO [Thread-4] org.apache.catalina.core.ApplicationContext.log ContextListener: contextDestroyed()
30-Aug-2020 14:22:58.269 INFO [main] org.apache.catalina.core.ApplicationContext.log ContextListener: contextInitialized()
30-Aug-2020 14:22:58.271 INFO [main] org.apache.catalina.core.ApplicationContext.log SessionListener: contextInitialized()
30-Aug-2020 14:22:58.276 INFO [main] org.apache.catalina.core.ApplicationContext.log ContextListener: attributeAdded('StockTicker', 'async.Stockticker@512d92b')
30-Aug-2020 14:23:35.803 INFO [Thread-4] org.apache.catalina.core.ApplicationContext.log SessionListener: contextDestroyed()
30-Aug-2020 14:23:35.803 INFO [Thread-4] org.apache.catalina.core.ApplicationContext.log ContextListener: contextDestroyed()
30-Aug-2020 14:24:33.861 INFO [main] org.apache.catalina.core.ApplicationContext.log ContextListener: contextInitialized()
30-Aug-2020 14:24:33.863 INFO [main] org.apache.catalina.core.ApplicationContext.log SessionListener: contextInitialized()
30-Aug-2020 14:24:33.865 INFO [main] org.apache.catalina.core.ApplicationContext.log ContextListener: attributeAdded('StockTicker', 'async.Stockticker@62c5bbdc')
30-Aug-2020 14:27:07.273 INFO [Thread-4] org.apache.catalina.core.ApplicationContext.log SessionListener: contextDestroyed()
30-Aug-2020 14:27:07.273 INFO [Thread-4] org.apache.catalina.core.ApplicationContext.log ContextListener: contextDestroyed()
30-Aug-2020 14:27:28.194 INFO [main] org.apache.catalina.core.ApplicationContext.log ContextListener: contextInitialized()
30-Aug-2020 14:27:28.196 INFO [main] org.apache.catalina.core.ApplicationContext.log SessionListener: contextInitialized()
30-Aug-2020 14:27:28.201 INFO [main] org.apache.catalina.core.ApplicationContext.log ContextListener: attributeAdded('StockTicker', 'async.Stockticker@751e664e')
30-Aug-2020 14:30:14.388 INFO [Thread-4] org.apache.catalina.core.ApplicationContext.log SessionListener: contextDestroyed()
30-Aug-2020 14:30:14.388 INFO [Thread-4] org.apache.catalina.core.ApplicationContext.log ContextListener: contextDestroyed()
30-Aug-2020 14:30:25.675 INFO [main] org.apache.catalina.core.ApplicationContext.log ContextListener: contextInitialized()
30-Aug-2020 14:30:25.675 INFO [main] org.apache.catalina.core.ApplicationContext.log SessionListener: contextInitialized()
30-Aug-2020 14:30:25.678 INFO [main] org.apache.catalina.core.ApplicationContext.log ContextListener: attributeAdded('StockTicker', 'async.Stockticker@62c5bbdc')
30-Aug-2020 14:32:01.486 INFO [Thread-4] org.apache.catalina.core.ApplicationContext.log SessionListener: contextDestroyed()
30-Aug-2020 14:32:01.486 INFO [Thread-4] org.apache.catalina.core.ApplicationContext.log ContextListener: contextDestroyed()
30-Aug-2020 14:32:16.422 INFO [main] org.apache.catalina.core.ApplicationContext.log ContextListener: contextInitialized()
30-Aug-2020 14:32:16.422 INFO [main] org.apache.catalina.core.ApplicationContext.log SessionListener: contextInitialized()
30-Aug-2020 14:32:16.425 INFO [main] org.apache.catalina.core.ApplicationContext.log ContextListener: attributeAdded('StockTicker', 'async.Stockticker@2b27cc70')
30-Aug-2020 14:33:01.384 INFO [Thread-4] org.apache.catalina.core.ApplicationContext.log SessionListener: contextDestroyed()
30-Aug-2020 14:33:01.385 INFO [Thread-4] org.apache.catalina.core.ApplicationContext.log ContextListener: contextDestroyed()
30-Aug-2020 14:33:27.124 INFO [main] org.apache.catalina.core.ApplicationContext.log ContextListener: contextInitialized()
30-Aug-2020 14:33:27.125 INFO [main] org.apache.catalina.core.ApplicationContext.log SessionListener: contextInitialized()
30-Aug-2020 14:33:27.127 INFO [main] org.apache.catalina.core.ApplicationContext.log ContextListener: attributeAdded('StockTicker', 'async.Stockticker@57a4d5ee')
30-Aug-2020 14:35:31.739 INFO [http-nio-8080-exec-7] org.apache.catalina.core.ApplicationContext.log SessionListener: sessionCreated('A378549C70958A8A2F1E70EA7EF21FDA')
30-Aug-2020 14:35:43.558 INFO [http-nio-8080-exec-8] org.apache.catalina.core.ApplicationContext.log SessionListener: attributeAdded('A378549C70958A8A2F1E70EA7EF21FDA', 'Asfsd', 'afgf')
30-Aug-2020 14:35:48.804 INFO [http-nio-8080-exec-10] org.apache.catalina.core.ApplicationContext.log SessionListener: attributeReplaced('A378549C70958A8A2F1E70EA7EF21FDA', 'Asfsd', 'afgf')
30-Aug-2020 14:35:55.371 INFO [http-nio-8080-exec-1] org.apache.catalina.core.ApplicationContext.log SessionListener: attributeAdded('A378549C70958A8A2F1E70EA7EF21FDA', 'refrdf', 'dfgdf')
30-Aug-2020 14:36:01.413 INFO [http-nio-8080-exec-4] org.apache.catalina.core.ApplicationContext.log SessionListener: attributeAdded('A378549C70958A8A2F1E70EA7EF21FDA', 'foo', 'bar')
30-Aug-2020 14:36:02.823 INFO [http-nio-8080-exec-3] org.apache.catalina.core.ApplicationContext.log SessionListener: attributeReplaced('A378549C70958A8A2F1E70EA7EF21FDA', 'foo', 'bar')
30-Aug-2020 14:36:03.753 INFO [http-nio-8080-exec-2] org.apache.catalina.core.ApplicationContext.log SessionListener: attributeReplaced('A378549C70958A8A2F1E70EA7EF21FDA', 'foo', 'bar')
30-Aug-2020 14:36:04.008 INFO [http-nio-8080-exec-5] org.apache.catalina.core.ApplicationContext.log SessionListener: attributeReplaced('A378549C70958A8A2F1E70EA7EF21FDA', 'foo', 'bar')
30-Aug-2020 14:36:04.214 INFO [http-nio-8080-exec-6] org.apache.catalina.core.ApplicationContext.log SessionListener: attributeReplaced('A378549C70958A8A2F1E70EA7EF21FDA', 'foo', 'bar')
30-Aug-2020 14:36:04.391 INFO [http-nio-8080-exec-7] org.apache.catalina.core.ApplicationContext.log SessionListener: attributeReplaced('A378549C70958A8A2F1E70EA7EF21FDA', 'foo', 'bar')
30-Aug-2020 14:36:08.471 INFO [http-nio-8080-exec-8] org.apache.catalina.core.ApplicationContext.log SessionListener: attributeReplaced('A378549C70958A8A2F1E70EA7EF21FDA', 'foo', 'bar')
30-Aug-2020 14:36:12.635 INFO [http-nio-8080-exec-10] org.apache.catalina.core.ApplicationContext.log SessionListener: attributeAdded('A378549C70958A8A2F1E70EA7EF21FDA', 'asdasd', 'foo')
30-Aug-2020 14:36:19.845 INFO [http-nio-8080-exec-1] org.apache.catalina.core.ApplicationContext.log SessionListener: attributeReplaced('A378549C70958A8A2F1E70EA7EF21FDA', 'asdasd', 'foo')
30-Aug-2020 14:36:38.120 INFO [http-nio-8080-exec-4] org.apache.catalina.core.ApplicationContext.log ContextListener: attributeAdded('org.apache.jasper.runtime.JspApplicationContextImpl', 'org.apache.jasper.runtime.JspApplicationContextImpl@34169382')
30-Aug-2020 14:36:38.124 INFO [http-nio-8080-exec-4] org.apache.catalina.core.ApplicationContext.log ContextListener: attributeAdded('org.apache.jasper.compiler.ELInterpreter', 'org.apache.jasper.compiler.ELInterpreterFactory$DefaultELInterpreter@499b0a05')
30-Aug-2020 14:43:23.585 INFO [Thread-9] org.apache.catalina.core.ApplicationContext.log SessionListener: contextDestroyed()
30-Aug-2020 14:43:23.585 INFO [Thread-9] org.apache.catalina.core.ApplicationContext.log ContextListener: contextDestroyed()
